27-Dec-2019 13:37:43.076 INFO [main] org.apache.catalina.startup.VersionLoggerListener.log Server version:        Apache Tomcat/8.5.34
27-Dec-2019 13:37:43.140 INFO [main] org.apache.catalina.startup.VersionLoggerListener.log Server built:          Sep 4 2018 22:28:22 UTC
27-Dec-2019 13:37:43.142 INFO [main] org.apache.catalina.startup.VersionLoggerListener.log Server number:         8.5.34.0
27-Dec-2019 13:37:43.149 INFO [main] org.apache.catalina.startup.VersionLoggerListener.log OS Name:               Linux
27-Dec-2019 13:37:43.159 INFO [main] org.apache.catalina.startup.VersionLoggerListener.log OS Version:            4.14.141-boot2docker
27-Dec-2019 13:37:43.165 INFO [main] org.apache.catalina.startup.VersionLoggerListener.log Architecture:          amd64
27-Dec-2019 13:37:43.177 INFO [main] org.apache.catalina.startup.VersionLoggerListener.log Java Home:             /usr/java/jdk-11.0.1
27-Dec-2019 13:37:43.187 INFO [main] org.apache.catalina.startup.VersionLoggerListener.log JVM Version:           11.0.1+13
27-Dec-2019 13:37:43.197 INFO [main] org.apache.catalina.startup.VersionLoggerListener.log JVM Vendor:            Oracle Corporation
27-Dec-2019 13:37:43.199 INFO [main] org.apache.catalina.startup.VersionLoggerListener.log CATALINA_BASE:         /usr/local/tomcat
27-Dec-2019 13:37:43.206 INFO [main] org.apache.catalina.startup.VersionLoggerListener.log CATALINA_HOME:         /usr/local/tomcat
27-Dec-2019 13:37:43.207 INFO [main] org.apache.catalina.startup.VersionLoggerListener.log Command line argument: --add-opens=java.base/java.lang=ALL-UNNAMED
27-Dec-2019 13:37:43.365 INFO [main] org.apache.catalina.startup.VersionLoggerListener.log Command line argument: --add-opens=java.base/java.io=ALL-UNNAMED
27-Dec-2019 13:37:43.366 INFO [main] org.apache.catalina.startup.VersionLoggerListener.log Command line argument: --add-opens=java.rmi/sun.rmi.transport=ALL-UNNAMED
27-Dec-2019 13:37:43.372 INFO [main] org.apache.catalina.startup.VersionLoggerListener.log Command line argument: -Djava.util.logging.config.file=/usr/local/tomcat/conf/logging.properties
27-Dec-2019 13:37:43.380 INFO [main] org.apache.catalina.startup.VersionLoggerListener.log Command line argument: -Djava.util.logging.manager=org.apache.juli.ClassLoaderLogManager
27-Dec-2019 13:37:43.384 INFO [main] org.apache.catalina.startup.VersionLoggerListener.log Command line argument: -Djdk.tls.ephemeralDHKeySize=2048
27-Dec-2019 13:37:43.399 INFO [main] org.apache.catalina.startup.VersionLoggerListener.log Command line argument: -Djava.protocol.handler.pkgs=org.apache.catalina.webresources
27-Dec-2019 13:37:43.407 INFO [main] org.apache.catalina.startup.VersionLoggerListener.log Command line argument: -Dorg.apache.catalina.security.SecurityListener.UMASK=0027
27-Dec-2019 13:37:43.411 INFO [main] org.apache.catalina.startup.VersionLoggerListener.log Command line argument: -Xms500m
27-Dec-2019 13:37:43.411 INFO [main] org.apache.catalina.startup.VersionLoggerListener.log Command line argument: -Xmx500m
27-Dec-2019 13:37:43.412 INFO [main] org.apache.catalina.startup.VersionLoggerListener.log Command line argument: -Dignore.endorsed.dirs=
27-Dec-2019 13:37:43.412 INFO [main] org.apache.catalina.startup.VersionLoggerListener.log Command line argument: -Dcatalina.base=/usr/local/tomcat
27-Dec-2019 13:37:43.420 INFO [main] org.apache.catalina.startup.VersionLoggerListener.log Command line argument: -Dcatalina.home=/usr/local/tomcat
27-Dec-2019 13:37:43.426 INFO [main] org.apache.catalina.startup.VersionLoggerListener.log Command line argument: -Djava.io.tmpdir=/usr/local/tomcat/temp
27-Dec-2019 13:37:43.443 INFO [main] org.apache.catalina.core.AprLifecycleListener.lifecycleEvent Loaded APR based Apache Tomcat Native library [1.2.17] using APR version [1.4.8].
27-Dec-2019 13:37:43.447 INFO [main] org.apache.catalina.core.AprLifecycleListener.lifecycleEvent APR capabilities: IPv6 [true], sendfile [true], accept filters [false], random [true].
27-Dec-2019 13:37:43.456 INFO [main] org.apache.catalina.core.AprLifecycleListener.lifecycleEvent APR/OpenSSL configuration: useAprConnector [false], useOpenSSL [true]
27-Dec-2019 13:37:43.516 INFO [main] org.apache.catalina.core.AprLifecycleListener.initializeSSL OpenSSL successfully initialized [OpenSSL 1.0.2k-fips  26 Jan 2017]
27-Dec-2019 13:37:44.462 INFO [main] org.apache.coyote.AbstractProtocol.init Initializing ProtocolHandler ["http-nio-8080"]
27-Dec-2019 13:37:44.792 INFO [main] org.apache.tomcat.util.net.NioSelectorPool.getSharedSelector Using a shared selector for servlet write/read
27-Dec-2019 13:37:44.934 INFO [main] org.apache.coyote.AbstractProtocol.init Initializing ProtocolHandler ["ajp-nio-8009"]
27-Dec-2019 13:37:44.992 INFO [main] org.apache.tomcat.util.net.NioSelectorPool.getSharedSelector Using a shared selector for servlet write/read
27-Dec-2019 13:37:45.012 INFO [main] org.apache.catalina.startup.Catalina.load Initialization processed in 12045 ms
27-Dec-2019 13:37:46.320 INFO [main] org.apache.catalina.core.StandardService.startInternal Starting service [Catalina]
27-Dec-2019 13:37:46.331 INFO [main] org.apache.catalina.core.StandardEngine.startInternal Starting Servlet Engine: Apache Tomcat/8.5.34
27-Dec-2019 13:37:46.590 INFO [localhost-startStop-1] org.apache.catalina.startup.HostConfig.deployDirectory Deploying web application directory [/usr/local/tomcat/webapps/share]
27-Dec-2019 13:40:06.571 INFO [localhost-startStop-1] org.apache.catalina.startup.HostConfig.deployDirectory Deployment of web application directory [/usr/local/tomcat/webapps/share] has finished in [139,980] ms
27-Dec-2019 13:40:06.592 INFO [main] org.apache.coyote.AbstractProtocol.start Starting ProtocolHandler ["http-nio-8080"]
27-Dec-2019 13:40:06.630 INFO [main] org.apache.coyote.AbstractProtocol.start Starting ProtocolHandler ["ajp-nio-8009"]
27-Dec-2019 13:40:06.670 INFO [main] org.apache.catalina.startup.Catalina.start Server startup in 141650 ms
